<?xml version="1.0" encoding="UTF-8"?>
<!-- Generated by org.testng.reporters.JUnitXMLReporter -->
<testsuite hostname="DESKTOP-G2GAFGN" ignored="2" name="Test(failed)" tests="2" failures="0" timestamp="03 May 2022 06:22:14 GMT" time="56.411" errors="0">
  <testcase name="wishListLinkCheck" time="1.708" classname="com.sup.qa.testcases.UserPageTest">
    <skipped/>
  </testcase> <!-- wishListLinkCheck -->
  <testcase name="wishListLinkCheck" time="10.551" classname="com.sup.qa.testcases.UserPageTest"/>
  <testcase name="homePageCheck" time="0.0" classname="com.sup.qa.testcases.UserPageTest">
    <ignored/>
  </testcase> <!-- homePageCheck -->
  <testcase name="cartLinkCheck" time="0.0" classname="com.sup.qa.testcases.UserPageTest">
    <ignored/>
  </testcase> <!-- cartLinkCheck -->
</testsuite> <!-- Test(failed) -->
