<?xml version="1.0" encoding="UTF-8"?>
<!-- Generated by org.testng.reporters.JUnitXMLReporter -->
<testsuite hostname="DESKTOP-G2GAFGN" ignored="2" name="Test(failed)(failed)(failed)(failed)(failed)" tests="1" failures="0" timestamp="03 May 2022 05:45:54 GMT" time="96.433" errors="0">
  <testcase name="wishListLinkCheck" time="23.223" classname="com.sup.qa.testcases.UserPageTest"/>
  <testcase name="homePageCheck" time="0.0" classname="com.sup.qa.testcases.UserPageTest">
    <ignored/>
  </testcase> <!-- homePageCheck -->
  <testcase name="cartLinkCheck" time="0.0" classname="com.sup.qa.testcases.UserPageTest">
    <ignored/>
  </testcase> <!-- cartLinkCheck -->
</testsuite> <!-- Test(failed)(failed)(failed)(failed)(failed) -->
