<?xml version="1.0" encoding="UTF-8"?>
<!-- Generated by org.testng.reporters.JUnitXMLReporter -->
<testsuite hostname="DESKTOP-G2GAFGN" ignored="0" name="Test" tests="4" failures="0" timestamp="03 May 2022 06:41:01 GMT" time="97.357" errors="0">
  <testcase name="urlTest" time="0.893" classname="com.sup.qa.testcases.LoginPageTest"/>
  <testcase name="homePageCheck" time="1.673" classname="com.sup.qa.testcases.UserPageTest"/>
  <testcase name="cartLinkCheck" time="10.618" classname="com.sup.qa.testcases.UserPageTest"/>
  <testcase name="wishListLinkCheck" time="10.692" classname="com.sup.qa.testcases.UserPageTest"/>
</testsuite> <!-- Test -->
